<?xml version="1.0" encoding="UTF-8"?>
<testsuite xmlns:xsi="http://www.w3.org/2001/XMLSchema-instance" xsi:noNamespaceSchemaLocation="https://maven.apache.org/surefire/maven-surefire-plugin/xsd/surefire-test-report.xsd" name="com.proCare.automation.testrunner.TestRunner" time="27.187" tests="1" errors="0" skipped="0" failures="0">
  <properties>
    <property name="java.specification.version" value="17"/>
    <property name="sun.jnu.encoding" value="UTF-8"/>
    <property name="java.class.path" value="/Users/mr.a2z/Ayazworkspace/ProCARE_automation/target/test-classes:/Users/mr.a2z/Ayazworkspace/ProCARE_automation/target/classes:/Users/mr.a2z/.m2/repository/io/cucumber/cucumber-core/6.10.4/cucumber-core-6.10.4.jar:/Users/mr.a2z/.m2/repository/io/cucumber/cucumber-gherkin/6.10.4/cucumber-gherkin-6.10.4.jar:/Users/mr.a2z/.m2/repository/io/cucumber/cucumber-gherkin-messages/6.10.4/cucumber-gherkin-messages-6.10.4.jar:/Users/mr.a2z/.m2/repository/io/cucumber/messages/15.0.0/messages-15.0.0.jar:/Users/mr.a2z/.m2/repository/io/cucumber/tag-expressions/3.0.1/tag-expressions-3.0.1.jar:/Users/mr.a2z/.m2/repository/io/cucumber/cucumber-expressions/10.3.0/cucumber-expressions-10.3.0.jar:/Users/mr.a2z/.m2/repository/io/cucumber/datatable/3.5.0/datatable-3.5.0.jar:/Users/mr.a2z/.m2/repository/io/cucumber/cucumber-plugin/6.10.4/cucumber-plugin-6.10.4.jar:/Users/mr.a2z/.m2/repository/io/cucumber/docstring/6.10.4/docstring-6.10.4.jar:/Users/mr.a2z/.m2/repository/io/cucumber/html-formatter/13.0.0/html-formatter-13.0.0.jar:/Users/mr.a2z/.m2/repository/io/cucumber/create-meta/4.0.0/create-meta-4.0.0.jar:/Users/mr.a2z/.m2/repository/org/apiguardian/apiguardian-api/1.1.1/apiguardian-api-1.1.1.jar:/Users/mr.a2z/.m2/repository/io/cucumber/cucumber-testng/6.10.4/cucumber-testng-6.10.4.jar:/Users/mr.a2z/.m2/repository/io/cucumber/cucumber-java/6.10.4/cucumber-java-6.10.4.jar:/Users/mr.a2z/.m2/repository/org/seleniumhq/selenium/selenium-java/3.141.59/selenium-java-3.141.59.jar:/Users/mr.a2z/.m2/repository/org/seleniumhq/selenium/selenium-api/3.141.59/selenium-api-3.141.59.jar:/Users/mr.a2z/.m2/repository/org/seleniumhq/selenium/selenium-chrome-driver/3.141.59/selenium-chrome-driver-3.141.59.jar:/Users/mr.a2z/.m2/repository/org/seleniumhq/selenium/selenium-edge-driver/3.141.59/selenium-edge-driver-3.141.59.jar:/Users/mr.a2z/.m2/repository/org/seleniumhq/selenium/selenium-firefox-driver/3.141.59/selenium-firefox-driver-3.141.59.jar:/Users/mr.a2z/.m2/repository/org/seleniumhq/selenium/selenium-ie-driver/3.141.59/selenium-ie-driver-3.141.59.jar:/Users/mr.a2z/.m2/repository/org/seleniumhq/selenium/selenium-opera-driver/3.141.59/selenium-opera-driver-3.141.59.jar:/Users/mr.a2z/.m2/repository/org/seleniumhq/selenium/selenium-remote-driver/3.141.59/selenium-remote-driver-3.141.59.jar:/Users/mr.a2z/.m2/repository/org/seleniumhq/selenium/selenium-safari-driver/3.141.59/selenium-safari-driver-3.141.59.jar:/Users/mr.a2z/.m2/repository/org/seleniumhq/selenium/selenium-support/3.141.59/selenium-support-3.141.59.jar:/Users/mr.a2z/.m2/repository/net/bytebuddy/byte-buddy/1.8.15/byte-buddy-1.8.15.jar:/Users/mr.a2z/.m2/repository/org/apache/commons/commons-exec/1.3/commons-exec-1.3.jar:/Users/mr.a2z/.m2/repository/com/google/guava/guava/25.0-jre/guava-25.0-jre.jar:/Users/mr.a2z/.m2/repository/com/google/code/findbugs/jsr305/1.3.9/jsr305-1.3.9.jar:/Users/mr.a2z/.m2/repository/org/checkerframework/checker-compat-qual/2.0.0/checker-compat-qual-2.0.0.jar:/Users/mr.a2z/.m2/repository/com/google/errorprone/error_prone_annotations/2.1.3/error_prone_annotations-2.1.3.jar:/Users/mr.a2z/.m2/repository/com/google/j2objc/j2objc-annotations/1.1/j2objc-annotations-1.1.jar:/Users/mr.a2z/.m2/repository/org/codehaus/mojo/animal-sniffer-annotations/1.14/animal-sniffer-annotations-1.14.jar:/Users/mr.a2z/.m2/repository/com/squareup/okhttp3/okhttp/3.11.0/okhttp-3.11.0.jar:/Users/mr.a2z/.m2/repository/com/squareup/okio/okio/1.14.0/okio-1.14.0.jar:/Users/mr.a2z/.m2/repository/org/testng/testng/7.8.0/testng-7.8.0.jar:/Users/mr.a2z/.m2/repository/com/beust/jcommander/1.82/jcommander-1.82.jar:/Users/mr.a2z/.m2/repository/org/webjars/jquery/3.6.1/jquery-3.6.1.jar:/Users/mr.a2z/.m2/repository/org/projectlombok/lombok/1.18.20/lombok-1.18.20.jar:/Users/mr.a2z/.m2/repository/io/qameta/allure/allure-cucumber6-jvm/2.17.2/allure-cucumber6-jvm-2.17.2.jar:/Users/mr.a2z/.m2/repository/io/qameta/allure/allure-java-commons/2.17.2/allure-java-commons-2.17.2.jar:/Users/mr.a2z/.m2/repository/io/qameta/allure/allure-model/2.17.2/allure-model-2.17.2.jar:/Users/mr.a2z/.m2/repository/io/cucumber/gherkin/18.0.0/gherkin-18.0.0.jar:/Users/mr.a2z/.m2/repository/io/github/bonigarcia/webdrivermanager/5.5.3/webdrivermanager-5.5.3.jar:/Users/mr.a2z/.m2/repository/com/google/code/gson/gson/2.10.1/gson-2.10.1.jar:/Users/mr.a2z/.m2/repository/com/github/docker-java/docker-java/3.3.3/docker-java-3.3.3.jar:/Users/mr.a2z/.m2/repository/com/github/docker-java/docker-java-core/3.3.3/docker-java-core-3.3.3.jar:/Users/mr.a2z/.m2/repository/com/github/docker-java/docker-java-api/3.3.3/docker-java-api-3.3.3.jar:/Users/mr.a2z/.m2/repository/com/fasterxml/jackson/core/jackson-annotations/2.10.3/jackson-annotations-2.10.3.jar:/Users/mr.a2z/.m2/repository/commons-io/commons-io/2.6/commons-io-2.6.jar:/Users/mr.a2z/.m2/repository/org/apache/commons/commons-compress/1.21/commons-compress-1.21.jar:/Users/mr.a2z/.m2/repository/com/fasterxml/jackson/core/jackson-databind/2.10.3/jackson-databind-2.10.3.jar:/Users/mr.a2z/.m2/repository/com/fasterxml/jackson/core/jackson-core/2.10.3/jackson-core-2.10.3.jar:/Users/mr.a2z/.m2/repository/org/bouncycastle/bcpkix-jdk18on/1.75/bcpkix-jdk18on-1.75.jar:/Users/mr.a2z/.m2/repository/org/bouncycastle/bcprov-jdk18on/1.75/bcprov-jdk18on-1.75.jar:/Users/mr.a2z/.m2/repository/org/bouncycastle/bcutil-jdk18on/1.75/bcutil-jdk18on-1.75.jar:/Users/mr.a2z/.m2/repository/org/slf4j/jcl-over-slf4j/1.7.30/jcl-over-slf4j-1.7.30.jar:/Users/mr.a2z/.m2/repository/com/github/docker-java/docker-java-transport-httpclient5/3.3.3/docker-java-transport-httpclient5-3.3.3.jar:/Users/mr.a2z/.m2/repository/com/github/docker-java/docker-java-transport/3.3.3/docker-java-transport-3.3.3.jar:/Users/mr.a2z/.m2/repository/net/java/dev/jna/jna/5.12.1/jna-5.12.1.jar:/Users/mr.a2z/.m2/repository/org/brotli/dec/0.1.2/dec-0.1.2.jar:/Users/mr.a2z/.m2/repository/org/apache/commons/commons-lang3/3.13.0/commons-lang3-3.13.0.jar:/Users/mr.a2z/.m2/repository/org/apache/httpcomponents/client5/httpclient5/5.2.1/httpclient5-5.2.1.jar:/Users/mr.a2z/.m2/repository/org/apache/httpcomponents/core5/httpcore5/5.2/httpcore5-5.2.jar:/Users/mr.a2z/.m2/repository/org/apache/httpcomponents/core5/httpcore5-h2/5.2/httpcore5-h2-5.2.jar:/Users/mr.a2z/.m2/repository/info/cukes/cucumber-picocontainer/1.2.5/cucumber-picocontainer-1.2.5.jar:/Users/mr.a2z/.m2/repository/info/cukes/cucumber-java/1.2.5/cucumber-java-1.2.5.jar:/Users/mr.a2z/.m2/repository/info/cukes/cucumber-core/1.2.5/cucumber-core-1.2.5.jar:/Users/mr.a2z/.m2/repository/info/cukes/cucumber-html/0.2.3/cucumber-html-0.2.3.jar:/Users/mr.a2z/.m2/repository/info/cukes/cucumber-jvm-deps/1.0.5/cucumber-jvm-deps-1.0.5.jar:/Users/mr.a2z/.m2/repository/info/cukes/gherkin/2.12.2/gherkin-2.12.2.jar:/Users/mr.a2z/.m2/repository/org/picocontainer/picocontainer/2.15/picocontainer-2.15.jar:/Users/mr.a2z/.m2/repository/ch/qos/logback/logback-classic/1.2.3/logback-classic-1.2.3.jar:/Users/mr.a2z/.m2/repository/ch/qos/logback/logback-core/1.2.3/logback-core-1.2.3.jar:/Users/mr.a2z/.m2/repository/org/slf4j/slf4j-api/1.7.25/slf4j-api-1.7.25.jar:/Users/mr.a2z/.m2/repository/org/apache/maven/surefire/surefire-testng-utils/2.22.0/surefire-testng-utils-2.22.0.jar:/Users/mr.a2z/.m2/repository/org/apache/maven/surefire/surefire-grouper/2.22.0/surefire-grouper-2.22.0.jar:"/>
    <property name="java.vm.vendor" value="Oracle Corporation"/>
    <property name="sun.arch.data.model" value="64"/>
    <property name="java.vendor.url" value="https://java.oracle.com/"/>
    <property name="os.name" value="Mac OS X"/>
    <property name="java.vm.specification.version" value="17"/>
    <property name="sun.java.launcher" value="SUN_STANDARD"/>
    <property name="user.country" value="IN"/>
    <property name="sun.boot.library.path" value="/Library/Java/JavaVirtualMachines/jdk-17.0.3.jdk/Contents/Home/lib"/>
    <property name="sun.java.command" value="/Users/mr.a2z/Ayazworkspace/ProCARE_automation/target/surefire/surefirebooter11662872433634277568.jar /Users/mr.a2z/Ayazworkspace/ProCARE_automation/target/surefire 2023-10-08T04-12-30_211-jvmRun1 surefire18432176103797924280tmp surefire_05293275442934983896tmp"/>
    <property name="http.nonProxyHosts" value="local|*.local|169.254/16|*.169.254/16"/>
    <property name="jdk.debug" value="release"/>
    <property name="surefire.test.class.path" value="/Users/mr.a2z/Ayazworkspace/ProCARE_automation/target/test-classes:/Users/mr.a2z/Ayazworkspace/ProCARE_automation/target/classes:/Users/mr.a2z/.m2/repository/io/cucumber/cucumber-core/6.10.4/cucumber-core-6.10.4.jar:/Users/mr.a2z/.m2/repository/io/cucumber/cucumber-gherkin/6.10.4/cucumber-gherkin-6.10.4.jar:/Users/mr.a2z/.m2/repository/io/cucumber/cucumber-gherkin-messages/6.10.4/cucumber-gherkin-messages-6.10.4.jar:/Users/mr.a2z/.m2/repository/io/cucumber/messages/15.0.0/messages-15.0.0.jar:/Users/mr.a2z/.m2/repository/io/cucumber/tag-expressions/3.0.1/tag-expressions-3.0.1.jar:/Users/mr.a2z/.m2/repository/io/cucumber/cucumber-expressions/10.3.0/cucumber-expressions-10.3.0.jar:/Users/mr.a2z/.m2/repository/io/cucumber/datatable/3.5.0/datatable-3.5.0.jar:/Users/mr.a2z/.m2/repository/io/cucumber/cucumber-plugin/6.10.4/cucumber-plugin-6.10.4.jar:/Users/mr.a2z/.m2/repository/io/cucumber/docstring/6.10.4/docstring-6.10.4.jar:/Users/mr.a2z/.m2/repository/io/cucumber/html-formatter/13.0.0/html-formatter-13.0.0.jar:/Users/mr.a2z/.m2/repository/io/cucumber/create-meta/4.0.0/create-meta-4.0.0.jar:/Users/mr.a2z/.m2/repository/org/apiguardian/apiguardian-api/1.1.1/apiguardian-api-1.1.1.jar:/Users/mr.a2z/.m2/repository/io/cucumber/cucumber-testng/6.10.4/cucumber-testng-6.10.4.jar:/Users/mr.a2z/.m2/repository/io/cucumber/cucumber-java/6.10.4/cucumber-java-6.10.4.jar:/Users/mr.a2z/.m2/repository/org/seleniumhq/selenium/selenium-java/3.141.59/selenium-java-3.141.59.jar:/Users/mr.a2z/.m2/repository/org/seleniumhq/selenium/selenium-api/3.141.59/selenium-api-3.141.59.jar:/Users/mr.a2z/.m2/repository/org/seleniumhq/selenium/selenium-chrome-driver/3.141.59/selenium-chrome-driver-3.141.59.jar:/Users/mr.a2z/.m2/repository/org/seleniumhq/selenium/selenium-edge-driver/3.141.59/selenium-edge-driver-3.141.59.jar:/Users/mr.a2z/.m2/repository/org/seleniumhq/selenium/selenium-firefox-driver/3.141.59/selenium-firefox-driver-3.141.59.jar:/Users/mr.a2z/.m2/repository/org/seleniumhq/selenium/selenium-ie-driver/3.141.59/selenium-ie-driver-3.141.59.jar:/Users/mr.a2z/.m2/repository/org/seleniumhq/selenium/selenium-opera-driver/3.141.59/selenium-opera-driver-3.141.59.jar:/Users/mr.a2z/.m2/repository/org/seleniumhq/selenium/selenium-remote-driver/3.141.59/selenium-remote-driver-3.141.59.jar:/Users/mr.a2z/.m2/repository/org/seleniumhq/selenium/selenium-safari-driver/3.141.59/selenium-safari-driver-3.141.59.jar:/Users/mr.a2z/.m2/repository/org/seleniumhq/selenium/selenium-support/3.141.59/selenium-support-3.141.59.jar:/Users/mr.a2z/.m2/repository/net/bytebuddy/byte-buddy/1.8.15/byte-buddy-1.8.15.jar:/Users/mr.a2z/.m2/repository/org/apache/commons/commons-exec/1.3/commons-exec-1.3.jar:/Users/mr.a2z/.m2/repository/com/google/guava/guava/25.0-jre/guava-25.0-jre.jar:/Users/mr.a2z/.m2/repository/com/google/code/findbugs/jsr305/1.3.9/jsr305-1.3.9.jar:/Users/mr.a2z/.m2/repository/org/checkerframework/checker-compat-qual/2.0.0/checker-compat-qual-2.0.0.jar:/Users/mr.a2z/.m2/repository/com/google/errorprone/error_prone_annotations/2.1.3/error_prone_annotations-2.1.3.jar:/Users/mr.a2z/.m2/repository/com/google/j2objc/j2objc-annotations/1.1/j2objc-annotations-1.1.jar:/Users/mr.a2z/.m2/repository/org/codehaus/mojo/animal-sniffer-annotations/1.14/animal-sniffer-annotations-1.14.jar:/Users/mr.a2z/.m2/repository/com/squareup/okhttp3/okhttp/3.11.0/okhttp-3.11.0.jar:/Users/mr.a2z/.m2/repository/com/squareup/okio/okio/1.14.0/okio-1.14.0.jar:/Users/mr.a2z/.m2/repository/org/testng/testng/7.8.0/testng-7.8.0.jar:/Users/mr.a2z/.m2/repository/com/beust/jcommander/1.82/jcommander-1.82.jar:/Users/mr.a2z/.m2/repository/org/webjars/jquery/3.6.1/jquery-3.6.1.jar:/Users/mr.a2z/.m2/repository/org/projectlombok/lombok/1.18.20/lombok-1.18.20.jar:/Users/mr.a2z/.m2/repository/io/qameta/allure/allure-cucumber6-jvm/2.17.2/allure-cucumber6-jvm-2.17.2.jar:/Users/mr.a2z/.m2/repository/io/qameta/allure/allure-java-commons/2.17.2/allure-java-commons-2.17.2.jar:/Users/mr.a2z/.m2/repository/io/qameta/allure/allure-model/2.17.2/allure-model-2.17.2.jar:/Users/mr.a2z/.m2/repository/io/cucumber/gherkin/18.0.0/gherkin-18.0.0.jar:/Users/mr.a2z/.m2/repository/io/github/bonigarcia/webdrivermanager/5.5.3/webdrivermanager-5.5.3.jar:/Users/mr.a2z/.m2/repository/com/google/code/gson/gson/2.10.1/gson-2.10.1.jar:/Users/mr.a2z/.m2/repository/com/github/docker-java/docker-java/3.3.3/docker-java-3.3.3.jar:/Users/mr.a2z/.m2/repository/com/github/docker-java/docker-java-core/3.3.3/docker-java-core-3.3.3.jar:/Users/mr.a2z/.m2/repository/com/github/docker-java/docker-java-api/3.3.3/docker-java-api-3.3.3.jar:/Users/mr.a2z/.m2/repository/com/fasterxml/jackson/core/jackson-annotations/2.10.3/jackson-annotations-2.10.3.jar:/Users/mr.a2z/.m2/repository/commons-io/commons-io/2.6/commons-io-2.6.jar:/Users/mr.a2z/.m2/repository/org/apache/commons/commons-compress/1.21/commons-compress-1.21.jar:/Users/mr.a2z/.m2/repository/com/fasterxml/jackson/core/jackson-databind/2.10.3/jackson-databind-2.10.3.jar:/Users/mr.a2z/.m2/repository/com/fasterxml/jackson/core/jackson-core/2.10.3/jackson-core-2.10.3.jar:/Users/mr.a2z/.m2/repository/org/bouncycastle/bcpkix-jdk18on/1.75/bcpkix-jdk18on-1.75.jar:/Users/mr.a2z/.m2/repository/org/bouncycastle/bcprov-jdk18on/1.75/bcprov-jdk18on-1.75.jar:/Users/mr.a2z/.m2/repository/org/bouncycastle/bcutil-jdk18on/1.75/bcutil-jdk18on-1.75.jar:/Users/mr.a2z/.m2/repository/org/slf4j/jcl-over-slf4j/1.7.30/jcl-over-slf4j-1.7.30.jar:/Users/mr.a2z/.m2/repository/com/github/docker-java/docker-java-transport-httpclient5/3.3.3/docker-java-transport-httpclient5-3.3.3.jar:/Users/mr.a2z/.m2/repository/com/github/docker-java/docker-java-transport/3.3.3/docker-java-transport-3.3.3.jar:/Users/mr.a2z/.m2/repository/net/java/dev/jna/jna/5.12.1/jna-5.12.1.jar:/Users/mr.a2z/.m2/repository/org/brotli/dec/0.1.2/dec-0.1.2.jar:/Users/mr.a2z/.m2/repository/org/apache/commons/commons-lang3/3.13.0/commons-lang3-3.13.0.jar:/Users/mr.a2z/.m2/repository/org/apache/httpcomponents/client5/httpclient5/5.2.1/httpclient5-5.2.1.jar:/Users/mr.a2z/.m2/repository/org/apache/httpcomponents/core5/httpcore5/5.2/httpcore5-5.2.jar:/Users/mr.a2z/.m2/repository/org/apache/httpcomponents/core5/httpcore5-h2/5.2/httpcore5-h2-5.2.jar:/Users/mr.a2z/.m2/repository/info/cukes/cucumber-picocontainer/1.2.5/cucumber-picocontainer-1.2.5.jar:/Users/mr.a2z/.m2/repository/info/cukes/cucumber-java/1.2.5/cucumber-java-1.2.5.jar:/Users/mr.a2z/.m2/repository/info/cukes/cucumber-core/1.2.5/cucumber-core-1.2.5.jar:/Users/mr.a2z/.m2/repository/info/cukes/cucumber-html/0.2.3/cucumber-html-0.2.3.jar:/Users/mr.a2z/.m2/repository/info/cukes/cucumber-jvm-deps/1.0.5/cucumber-jvm-deps-1.0.5.jar:/Users/mr.a2z/.m2/repository/info/cukes/gherkin/2.12.2/gherkin-2.12.2.jar:/Users/mr.a2z/.m2/repository/org/picocontainer/picocontainer/2.15/picocontainer-2.15.jar:/Users/mr.a2z/.m2/repository/ch/qos/logback/logback-classic/1.2.3/logback-classic-1.2.3.jar:/Users/mr.a2z/.m2/repository/ch/qos/logback/logback-core/1.2.3/logback-core-1.2.3.jar:/Users/mr.a2z/.m2/repository/org/slf4j/slf4j-api/1.7.25/slf4j-api-1.7.25.jar:/Users/mr.a2z/.m2/repository/org/apache/maven/surefire/surefire-testng-utils/2.22.0/surefire-testng-utils-2.22.0.jar:/Users/mr.a2z/.m2/repository/org/apache/maven/surefire/surefire-grouper/2.22.0/surefire-grouper-2.22.0.jar:"/>
    <property name="sun.cpu.endian" value="little"/>
    <property name="user.home" value="/Users/mr.a2z"/>
    <property name="user.language" value="en"/>
    <property name="java.specification.vendor" value="Oracle Corporation"/>
    <property name="java.version.date" value="2022-04-19"/>
    <property name="java.home" value="/Library/Java/JavaVirtualMachines/jdk-17.0.3.jdk/Contents/Home"/>
    <property name="file.separator" value="/"/>
    <property name="basedir" value="/Users/mr.a2z/Ayazworkspace/ProCARE_automation"/>
    <property name="java.vm.compressedOopsMode" value="Zero based"/>
    <property name="line.separator" value="&#10;"/>
    <property name="java.specification.name" value="Java Platform API Specification"/>
    <property name="java.vm.specification.vendor" value="Oracle Corporation"/>
    <property name="surefire.real.class.path" value="/Users/mr.a2z/Ayazworkspace/ProCARE_automation/target/surefire/surefirebooter11662872433634277568.jar"/>
    <property name="sun.management.compiler" value="HotSpot 64-Bit Tiered Compilers"/>
    <property name="ftp.nonProxyHosts" value="local|*.local|169.254/16|*.169.254/16"/>
    <property name="java.runtime.version" value="17.0.3+8-LTS-111"/>
    <property name="user.name" value="mr.a2z"/>
    <property name="path.separator" value=":"/>
    <property name="os.version" value="13.2.1"/>
    <property name="java.runtime.name" value="Java(TM) SE Runtime Environment"/>
    <property name="file.encoding" value="UTF-8"/>
    <property name="java.vm.name" value="Java HotSpot(TM) 64-Bit Server VM"/>
    <property name="localRepository" value="/Users/mr.a2z/.m2/repository"/>
    <property name="java.vendor.url.bug" value="https://bugreport.java.com/bugreport/"/>
    <property name="java.io.tmpdir" value="/var/folders/yf/6ky1_wg523n1qwg6jqf2943h0000gn/T/"/>
    <property name="java.version" value="17.0.3"/>
    <property name="user.dir" value="/Users/mr.a2z/Ayazworkspace/ProCARE_automation"/>
    <property name="os.arch" value="aarch64"/>
    <property name="java.vm.specification.name" value="Java Virtual Machine Specification"/>
    <property name="native.encoding" value="UTF-8"/>
    <property name="java.library.path" value="/Users/mr.a2z/Library/Java/Extensions:/Library/Java/Extensions:/Network/Library/Java/Extensions:/System/Library/Java/Extensions:/usr/lib/java:."/>
    <property name="java.vm.info" value="mixed mode, sharing"/>
    <property name="java.vendor" value="Oracle Corporation"/>
    <property name="java.vm.version" value="17.0.3+8-LTS-111"/>
    <property name="sun.io.unicode.encoding" value="UnicodeBig"/>
    <property name="socksNonProxyHosts" value="local|*.local|169.254/16|*.169.254/16"/>
    <property name="java.class.version" value="61.0"/>
  </properties>
  <testcase name="runScenario" classname="com.proCare.automation.testrunner.TestRunner" time="26.828"/>
</testsuite>