<?xml version="1.0" encoding="UTF-8"?>
<!-- Generated by org.testng.reporters.JUnitReportReporter -->
<testsuite hostname="XAV-502000068" failures="0" tests="11" name="com.proCare.automation.testrunner.TestRunner" time="388.440" errors="0" timestamp="2023-10-12T11:25:48 IST" skipped="0">
  <testcase classname="com.proCare.automation.testrunner.TestRunner" name="runScenario" time="23.597"/>
  <testcase classname="com.proCare.automation.testrunner.TestRunner" name="runScenario" time="27.508"/>
  <testcase classname="com.proCare.automation.testrunner.TestRunner" name="runScenario" time="35.198"/>
  <testcase classname="com.proCare.automation.testrunner.TestRunner" name="runScenario" time="43.776"/>
  <testcase classname="com.proCare.automation.testrunner.TestRunner" name="runScenario" time="20.499"/>
  <testcase classname="com.proCare.automation.testrunner.TestRunner" name="runScenario" time="30.807"/>
  <testcase classname="com.proCare.automation.testrunner.TestRunner" name="runScenario" time="29.887"/>
  <testcase classname="com.proCare.automation.testrunner.TestRunner" name="runScenario" time="55.777"/>
  <testcase classname="com.proCare.automation.testrunner.TestRunner" name="runScenario" time="62.521"/>
  <testcase classname="com.proCare.automation.testrunner.TestRunner" name="runScenario" time="31.534"/>
  <testcase classname="com.proCare.automation.testrunner.TestRunner" name="runScenario" time="27.336"/>
</testsuite> <!-- com.proCare.automation.testrunner.TestRunner -->
