<?xml version="1.0" encoding="UTF-8"?>
<!-- Generated by org.testng.reporters.JUnitReportReporter -->
<testsuite hostname="XAV-502000068" failures="0" tests="7" name="com.proCare.automation.testrunner.TestRunner" time="86.953" errors="0" timestamp="2023-10-10T22:35:02 IST" skipped="0">
  <testcase classname="com.proCare.automation.testrunner.TestRunner" name="runScenario" time="10.512"/>
  <testcase classname="com.proCare.automation.testrunner.TestRunner" name="runScenario" time="12.428"/>
  <testcase classname="com.proCare.automation.testrunner.TestRunner" name="runScenario" time="11.112"/>
  <testcase classname="com.proCare.automation.testrunner.TestRunner" name="runScenario" time="18.581"/>
  <testcase classname="com.proCare.automation.testrunner.TestRunner" name="runScenario" time="11.207"/>
  <testcase classname="com.proCare.automation.testrunner.TestRunner" name="runScenario" time="10.672"/>
  <testcase classname="com.proCare.automation.testrunner.TestRunner" name="runScenario" time="12.441"/>
</testsuite> <!-- com.proCare.automation.testrunner.TestRunner -->
