<?xml version="1.0" encoding="UTF-8"?>
<!-- Generated by org.testng.reporters.JUnitReportReporter -->
<testsuite hostname="XAV-502000068" failures="0" tests="4" name="com.proCare.automation.testrunner.TestRunner" time="172.413" errors="0" timestamp="2023-10-12T00:56:08 IST" skipped="0">
  <testcase classname="com.proCare.automation.testrunner.TestRunner" name="runScenario" time="55.967"/>
  <testcase classname="com.proCare.automation.testrunner.TestRunner" name="runScenario" time="28.650"/>
  <testcase classname="com.proCare.automation.testrunner.TestRunner" name="runScenario" time="34.913"/>
  <testcase classname="com.proCare.automation.testrunner.TestRunner" name="runScenario" time="52.883"/>
</testsuite> <!-- com.proCare.automation.testrunner.TestRunner -->
