<?xml version="1.0" encoding="UTF-8"?>
<!-- Generated by org.testng.reporters.JUnitReportReporter -->
<testsuite hostname="XAV-502000068" failures="0" tests="4" name="com.proCare.automation.testrunner.TestRunner" time="79.200" errors="0" timestamp="2023-10-09T00:59:31 IST" skipped="0">
  <testcase classname="com.proCare.automation.testrunner.TestRunner" name="runScenario" time="13.092"/>
  <testcase classname="com.proCare.automation.testrunner.TestRunner" name="runScenario" time="14.995"/>
  <testcase classname="com.proCare.automation.testrunner.TestRunner" name="runScenario" time="22.963"/>
  <testcase classname="com.proCare.automation.testrunner.TestRunner" name="runScenario" time="28.150"/>
</testsuite> <!-- com.proCare.automation.testrunner.TestRunner -->
