<?xml version="1.0" encoding="UTF-8"?>
<!-- Generated by org.testng.reporters.JUnitReportReporter -->
<testsuite hostname="Ayazs-Air" failures="0" tests="1" name="com.proCare.automation.testrunner.TestRunner" time="26.825" errors="0" timestamp="2023-10-08T04:12:57 IST" skipped="0">
  <testcase classname="com.proCare.automation.testrunner.TestRunner" name="runScenario" time="26.825"/>
</testsuite> <!-- com.proCare.automation.testrunner.TestRunner -->
